# JRE version: Java(TM) SE Runtime Environment (8.0_144-b01) (build 1.8.0_144-b01)
# Java VM: Java HotSpot(TM) 64-Bit Server VM (25.144-b01 mixed mode windows-amd64 compressed oops)
Heap:
 PSYoungGen      total 366592K, used 222428K [0x00000000d5f00000, 0x00000000f0700000, 0x0000000100000000)
  eden space 350208K, 59% used [0x00000000d5f00000,0x00000000e2b3f638,0x00000000eb500000)
  from space 16384K, 81% used [0x00000000ef700000,0x00000000f03f7a60,0x00000000f0700000)
  to   space 41984K, 0% used [0x00000000eb500000,0x00000000eb500000,0x00000000ede00000)
 ParOldGen       total 137216K, used 53732K [0x0000000081c00000, 0x000000008a200000, 0x00000000d5f00000)
  object space 137216K, 39% used [0x0000000081c00000,0x0000000085079380,0x000000008a200000)
 Metaspace       used 48783K, capacity 50308K, committed 50432K, reserved 1093632K
  class space    used 5527K, capacity 5848K, committed 5888K, reserved 1048576K
GC Heap History (10 events):
Event: 9.413 GC heap before
{Heap before GC invocations=10 (full 1):
 PSYoungGen      total 211968K, used 211952K [0x00000000d5f00000, 0x00000000e5d80000, 0x0000000100000000)
  eden space 194560K, 100% used [0x00000000d5f00000,0x00000000e1d00000,0x00000000e1d00000)
  from space 17408K, 99% used [0x00000000e3380000,0x00000000e447c1d8,0x00000000e4480000)
  to   space 23040K, 0% used [0x00000000e1d00000,0x00000000e1d00000,0x00000000e3380000)
 ParOldGen       total 72192K, used 33318K [0x0000000081c00000, 0x0000000086280000, 0x00000000d5f00000)
  object space 72192K, 46% used [0x0000000081c00000,0x0000000083c89848,0x0000000086280000)
 Metaspace       used 23461K, capacity 24020K, committed 24192K, reserved 1071104K
  class space    used 2735K, capacity 2871K, committed 2944K, reserved 1048576K
Event: 9.466 GC heap after
Heap after GC invocations=10 (full 1):
 PSYoungGen      total 217600K, used 23034K [0x00000000d5f00000, 0x00000000ea780000, 0x0000000100000000)
  eden space 194560K, 0% used [0x00000000d5f00000,0x00000000d5f00000,0x00000000e1d00000)
  from space 23040K, 99% used [0x00000000e1d00000,0x00000000e337eac0,0x00000000e3380000)
  to   space 31744K, 0% used [0x00000000e8880000,0x00000000e8880000,0x00000000ea780000)
 ParOldGen       total 72192K, used 46600K [0x0000000081c00000, 0x0000000086280000, 0x00000000d5f00000)
  object space 72192K, 64% used [0x0000000081c00000,0x00000000849823a8,0x0000000086280000)
 Metaspace       used 23461K, capacity 24020K, committed 24192K, reserved 1071104K
  class space    used 2735K, capacity 2871K, committed 2944K, reserved 1048576K
}
Event: 10.407 GC heap before
{Heap before GC invocations=11 (full 1):
 PSYoungGen      total 217600K, used 217594K [0x00000000d5f00000, 0x00000000ea780000, 0x0000000100000000)
  eden space 194560K, 100% used [0x00000000d5f00000,0x00000000e1d00000,0x00000000e1d00000)
  from space 23040K, 99% used [0x00000000e1d00000,0x00000000e337eac0,0x00000000e3380000)
  to   space 31744K, 0% used [0x00000000e8880000,0x00000000e8880000,0x00000000ea780000)
 ParOldGen       total 72192K, used 46600K [0x0000000081c00000, 0x0000000086280000, 0x00000000d5f00000)
  object space 72192K, 64% used [0x0000000081c00000,0x00000000849823a8,0x0000000086280000)
 Metaspace       used 23479K, capacity 24030K, committed 24192K, reserved 1071104K
  class space    used 2738K, capacity 2873K, committed 2944K, reserved 1048576K
Event: 10.465 GC heap after
Heap after GC invocations=11 (full 1):
 PSYoungGen      total 296448K, used 31734K [0x00000000d5f00000, 0x00000000ebc00000, 0x0000000100000000)
  eden space 264704K, 0% used [0x00000000d5f00000,0x00000000d5f00000,0x00000000e6180000)
  from space 31744K, 99% used [0x00000000e8880000,0x00000000ea77db70,0x00000000ea780000)
  to   space 39936K, 0% used [0x00000000e6180000,0x00000000e6180000,0x00000000e8880000)
 ParOldGen       total 72192K, used 55453K [0x0000000081c00000, 0x0000000086280000, 0x00000000d5f00000)
  object space 72192K, 76% used [0x0000000081c00000,0x00000000852277f0,0x0000000086280000)
 Metaspace       used 23479K, capacity 24030K, committed 24192K, reserved 1071104K
  class space    used 2738K, capacity 2873K, committed 2944K, reserved 1048576K
}
Event: 13.148 GC heap before
{Heap before GC invocations=12 (full 1):
 PSYoungGen      total 296448K, used 294333K [0x00000000d5f00000, 0x00000000ebc00000, 0x0000000100000000)
  eden space 264704K, 99% used [0x00000000d5f00000,0x00000000e5f71bb8,0x00000000e6180000)
  from space 31744K, 99% used [0x00000000e8880000,0x00000000ea77db70,0x00000000ea780000)
  to   space 39936K, 0% used [0x00000000e6180000,0x00000000e6180000,0x00000000e8880000)
 ParOldGen       total 72192K, used 55453K [0x0000000081c00000, 0x0000000086280000, 0x00000000d5f00000)
  object space 72192K, 76% used [0x0000000081c00000,0x00000000852277f0,0x0000000086280000)
 Metaspace       used 34615K, capacity 35256K, committed 35496K, reserved 1081344K
  class space    used 4104K, capacity 4330K, committed 4352K, reserved 1048576K
Event: 13.208 GC heap after
Heap after GC invocations=12 (full 1):
 PSYoungGen      total 304640K, used 33479K [0x00000000d5f00000, 0x00000000f2200000, 0x0000000100000000)
  eden space 264704K, 0% used [0x00000000d5f00000,0x00000000d5f00000,0x00000000e6180000)
  from space 39936K, 83% used [0x00000000e6180000,0x00000000e8231dd0,0x00000000e8880000)
  to   space 44032K, 0% used [0x00000000ef700000,0x00000000ef700000,0x00000000f2200000)
 ParOldGen       total 72192K, used 60386K [0x0000000081c00000, 0x0000000086280000, 0x00000000d5f00000)
  object space 72192K, 83% used [0x0000000081c00000,0x00000000856f8a90,0x0000000086280000)
 Metaspace       used 34615K, capacity 35256K, committed 35496K, reserved 1081344K
  class space    used 4104K, capacity 4330K, committed 4352K, reserved 1048576K
}
Event: 13.208 GC heap before
{Heap before GC invocations=13 (full 2):
 PSYoungGen      total 304640K, used 33479K [0x00000000d5f00000, 0x00000000f2200000, 0x0000000100000000)
  eden space 264704K, 0% used [0x00000000d5f00000,0x00000000d5f00000,0x00000000e6180000)
  from space 39936K, 83% used [0x00000000e6180000,0x00000000e8231dd0,0x00000000e8880000)
  to   space 44032K, 0% used [0x00000000ef700000,0x00000000ef700000,0x00000000f2200000)
 ParOldGen       total 72192K, used 60386K [0x0000000081c00000, 0x0000000086280000, 0x00000000d5f00000)
  object space 72192K, 83% used [0x0000000081c00000,0x00000000856f8a90,0x0000000086280000)
 Metaspace       used 34615K, capacity 35256K, committed 35496K, reserved 1081344K
  class space    used 4104K, capacity 4330K, committed 4352K, reserved 1048576K
Event: 13.415 GC heap after
Heap after GC invocations=13 (full 2):
 PSYoungGen      total 304640K, used 0K [0x00000000d5f00000, 0x00000000f2200000, 0x0000000100000000)
  eden space 264704K, 0% used [0x00000000d5f00000,0x00000000d5f00000,0x00000000e6180000)
  from space 39936K, 0% used [0x00000000e6180000,0x00000000e6180000,0x00000000e8880000)
  to   space 44032K, 0% used [0x00000000ef700000,0x00000000ef700000,0x00000000f2200000)
 ParOldGen       total 137216K, used 53724K [0x0000000081c00000, 0x000000008a200000, 0x00000000d5f00000)
  object space 137216K, 39% used [0x0000000081c00000,0x0000000085077380,0x000000008a200000)
 Metaspace       used 34615K, capacity 35256K, committed 35496K, reserved 1081344K
  class space    used 4104K, capacity 4330K, committed 4352K, reserved 1048576K
}
Event: 98.659 GC heap before
{Heap before GC invocations=14 (full 2):
 PSYoungGen      total 304640K, used 264704K [0x00000000d5f00000, 0x00000000f2200000, 0x0000000100000000)
  eden space 264704K, 100% used [0x00000000d5f00000,0x00000000e6180000,0x00000000e6180000)
  from space 39936K, 0% used [0x00000000e6180000,0x00000000e6180000,0x00000000e8880000)
  to   space 44032K, 0% used [0x00000000ef700000,0x00000000ef700000,0x00000000f2200000)
 ParOldGen       total 137216K, used 53724K [0x0000000081c00000, 0x000000008a200000, 0x00000000d5f00000)
  object space 137216K, 39% used [0x0000000081c00000,0x0000000085077380,0x000000008a200000)
 Metaspace       used 42042K, capacity 43300K, committed 43520K, reserved 1087488K
  class space    used 4974K, capacity 5272K, committed 5376K, reserved 1048576K
Event: 98.679 GC heap after
Heap after GC invocations=14 (full 2):
 PSYoungGen      total 366592K, used 13278K [0x00000000d5f00000, 0x00000000f0700000, 0x0000000100000000)
  eden space 350208K, 0% used [0x00000000d5f00000,0x00000000d5f00000,0x00000000eb500000)
  from space 16384K, 81% used [0x00000000ef700000,0x00000000f03f7a60,0x00000000f0700000)
  to   space 41984K, 0% used [0x00000000eb500000,0x00000000eb500000,0x00000000ede00000)
 ParOldGen       total 137216K, used 53732K [0x0000000081c00000, 0x000000008a200000, 0x00000000d5f00000)
  object space 137216K, 39% used [0x0000000081c00000,0x0000000085079380,0x000000008a200000)
 Metaspace       used 42042K, capacity 43300K, committed 43520K, reserved 1087488K
  class space    used 4974K, capacity 5272K, committed 5376K, reserved 1048576K
}

