# JRE version: Java(TM) SE Runtime Environment (8.0_144-b01) (build 1.8.0_144-b01)
# Java VM: Java HotSpot(TM) 64-Bit Server VM (25.144-b01 mixed mode windows-amd64 compressed oops)
Heap:
 PSYoungGen      total 354304K, used 122130K [0x00000000d5f00000, 0x00000000ee180000, 0x0000000100000000)
  eden space 333312K, 31% used [0x00000000d5f00000,0x00000000dc479e08,0x00000000ea480000)
  from space 20992K, 86% used [0x00000000ecd00000,0x00000000edecabe8,0x00000000ee180000)
  to   space 31232K, 0% used [0x00000000ea480000,0x00000000ea480000,0x00000000ec300000)
 ParOldGen       total 116224K, used 39488K [0x0000000081c00000, 0x0000000088d80000, 0x00000000d5f00000)
  object space 116224K, 33% used [0x0000000081c00000,0x0000000084290110,0x0000000088d80000)
 Metaspace       used 49856K, capacity 51160K, committed 51328K, reserved 1093632K
  class space    used 5848K, capacity 6184K, committed 6272K, reserved 1048576K
GC Heap History (10 events):
Event: 13.691 GC heap before
{Heap before GC invocations=14 (full 1):
 PSYoungGen      total 200192K, used 196141K [0x00000000d5f00000, 0x00000000e4300000, 0x0000000100000000)
  eden space 176128K, 100% used [0x00000000d5f00000,0x00000000e0b00000,0x00000000e0b00000)
  from space 24064K, 83% used [0x00000000e2480000,0x00000000e380b450,0x00000000e3c00000)
  to   space 26112K, 0% used [0x00000000e0b00000,0x00000000e0b00000,0x00000000e2480000)
 ParOldGen       total 69632K, used 43921K [0x0000000081c00000, 0x0000000086000000, 0x00000000d5f00000)
  object space 69632K, 63% used [0x0000000081c00000,0x00000000846e4770,0x0000000086000000)
 Metaspace       used 23535K, capacity 24194K, committed 24448K, reserved 1071104K
  class space    used 2746K, capacity 2905K, committed 2944K, reserved 1048576K
Event: 13.741 GC heap after
Heap after GC invocations=14 (full 1):
 PSYoungGen      total 202240K, used 26100K [0x00000000d5f00000, 0x00000000e9000000, 0x0000000100000000)
  eden space 176128K, 0% used [0x00000000d5f00000,0x00000000d5f00000,0x00000000e0b00000)
  from space 26112K, 99% used [0x00000000e0b00000,0x00000000e247d2a0,0x00000000e2480000)
  to   space 31232K, 0% used [0x00000000e7180000,0x00000000e7180000,0x00000000e9000000)
 ParOldGen       total 69632K, used 48913K [0x0000000081c00000, 0x0000000086000000, 0x00000000d5f00000)
  object space 69632K, 70% used [0x0000000081c00000,0x0000000084bc44e0,0x0000000086000000)
 Metaspace       used 23535K, capacity 24194K, committed 24448K, reserved 1071104K
  class space    used 2746K, capacity 2905K, committed 2944K, reserved 1048576K
}
Event: 15.271 GC heap before
{Heap before GC invocations=15 (full 1):
 PSYoungGen      total 202240K, used 202228K [0x00000000d5f00000, 0x00000000e9000000, 0x0000000100000000)
  eden space 176128K, 100% used [0x00000000d5f00000,0x00000000e0b00000,0x00000000e0b00000)
  from space 26112K, 99% used [0x00000000e0b00000,0x00000000e247d2a0,0x00000000e2480000)
  to   space 31232K, 0% used [0x00000000e7180000,0x00000000e7180000,0x00000000e9000000)
 ParOldGen       total 69632K, used 48913K [0x0000000081c00000, 0x0000000086000000, 0x00000000d5f00000)
  object space 69632K, 70% used [0x0000000081c00000,0x0000000084bc44e0,0x0000000086000000)
 Metaspace       used 26241K, capacity 26900K, committed 27136K, reserved 1073152K
  class space    used 3085K, capacity 3300K, committed 3328K, reserved 1048576K
Event: 15.315 GC heap after
Heap after GC invocations=15 (full 1):
 PSYoungGen      total 279040K, used 23478K [0x00000000d5f00000, 0x00000000e9300000, 0x0000000100000000)
  eden space 247808K, 0% used [0x00000000d5f00000,0x00000000d5f00000,0x00000000e5100000)
  from space 31232K, 75% used [0x00000000e7180000,0x00000000e886dae8,0x00000000e9000000)
  to   space 33280K, 0% used [0x00000000e5100000,0x00000000e5100000,0x00000000e7180000)
 ParOldGen       total 69632K, used 51572K [0x0000000081c00000, 0x0000000086000000, 0x00000000d5f00000)
  object space 69632K, 74% used [0x0000000081c00000,0x0000000084e5d010,0x0000000086000000)
 Metaspace       used 26241K, capacity 26900K, committed 27136K, reserved 1073152K
  class space    used 3085K, capacity 3300K, committed 3328K, reserved 1048576K
}
Event: 19.248 GC heap before
{Heap before GC invocations=16 (full 1):
 PSYoungGen      total 279040K, used 129140K [0x00000000d5f00000, 0x00000000e9300000, 0x0000000100000000)
  eden space 247808K, 42% used [0x00000000d5f00000,0x00000000dc62f6f8,0x00000000e5100000)
  from space 31232K, 75% used [0x00000000e7180000,0x00000000e886dae8,0x00000000e9000000)
  to   space 33280K, 0% used [0x00000000e5100000,0x00000000e5100000,0x00000000e7180000)
 ParOldGen       total 69632K, used 51572K [0x0000000081c00000, 0x0000000086000000, 0x00000000d5f00000)
  object space 69632K, 74% used [0x0000000081c00000,0x0000000084e5d010,0x0000000086000000)
 Metaspace       used 34626K, capacity 35314K, committed 35496K, reserved 1081344K
  class space    used 4121K, capacity 4329K, committed 4352K, reserved 1048576K
Event: 19.283 GC heap after
Heap after GC invocations=16 (full 1):
 PSYoungGen      total 281088K, used 11959K [0x00000000d5f00000, 0x00000000eec00000, 0x0000000100000000)
  eden space 247808K, 0% used [0x00000000d5f00000,0x00000000d5f00000,0x00000000e5100000)
  from space 33280K, 35% used [0x00000000e5100000,0x00000000e5cadcc0,0x00000000e7180000)
  to   space 31744K, 0% used [0x00000000ecd00000,0x00000000ecd00000,0x00000000eec00000)
 ParOldGen       total 69632K, used 57356K [0x0000000081c00000, 0x0000000086000000, 0x00000000d5f00000)
  object space 69632K, 82% used [0x0000000081c00000,0x0000000085403000,0x0000000086000000)
 Metaspace       used 34626K, capacity 35314K, committed 35496K, reserved 1081344K
  class space    used 4121K, capacity 4329K, committed 4352K, reserved 1048576K
}
Event: 19.283 GC heap before
{Heap before GC invocations=17 (full 2):
 PSYoungGen      total 281088K, used 11959K [0x00000000d5f00000, 0x00000000eec00000, 0x0000000100000000)
  eden space 247808K, 0% used [0x00000000d5f00000,0x00000000d5f00000,0x00000000e5100000)
  from space 33280K, 35% used [0x00000000e5100000,0x00000000e5cadcc0,0x00000000e7180000)
  to   space 31744K, 0% used [0x00000000ecd00000,0x00000000ecd00000,0x00000000eec00000)
 ParOldGen       total 69632K, used 57356K [0x0000000081c00000, 0x0000000086000000, 0x00000000d5f00000)
  object space 69632K, 82% used [0x0000000081c00000,0x0000000085403000,0x0000000086000000)
 Metaspace       used 34626K, capacity 35314K, committed 35496K, reserved 1081344K
  class space    used 4121K, capacity 4329K, committed 4352K, reserved 1048576K
Event: 19.482 GC heap after
Heap after GC invocations=17 (full 2):
 PSYoungGen      total 281088K, used 0K [0x00000000d5f00000, 0x00000000eec00000, 0x0000000100000000)
  eden space 247808K, 0% used [0x00000000d5f00000,0x00000000d5f00000,0x00000000e5100000)
  from space 33280K, 0% used [0x00000000e5100000,0x00000000e5100000,0x00000000e7180000)
  to   space 31744K, 0% used [0x00000000ecd00000,0x00000000ecd00000,0x00000000eec00000)
 ParOldGen       total 116224K, used 39480K [0x0000000081c00000, 0x0000000088d80000, 0x00000000d5f00000)
  object space 116224K, 33% used [0x0000000081c00000,0x000000008428e110,0x0000000088d80000)
 Metaspace       used 34626K, capacity 35314K, committed 35496K, reserved 1081344K
  class space    used 4121K, capacity 4329K, committed 4352K, reserved 1048576K
}
Event: 32.809 GC heap before
{Heap before GC invocations=18 (full 2):
 PSYoungGen      total 281088K, used 247808K [0x00000000d5f00000, 0x00000000eec00000, 0x0000000100000000)
  eden space 247808K, 100% used [0x00000000d5f00000,0x00000000e5100000,0x00000000e5100000)
  from space 33280K, 0% used [0x00000000e5100000,0x00000000e5100000,0x00000000e7180000)
  to   space 31744K, 0% used [0x00000000ecd00000,0x00000000ecd00000,0x00000000eec00000)
 ParOldGen       total 116224K, used 39480K [0x0000000081c00000, 0x0000000088d80000, 0x00000000d5f00000)
  object space 116224K, 33% used [0x0000000081c00000,0x000000008428e110,0x0000000088d80000)
 Metaspace       used 47036K, capacity 48196K, committed 48512K, reserved 1091584K
  class space    used 5602K, capacity 5908K, committed 6016K, reserved 1048576K
Event: 32.831 GC heap after
Heap after GC invocations=18 (full 2):
 PSYoungGen      total 354304K, used 18218K [0x00000000d5f00000, 0x00000000ee180000, 0x0000000100000000)
  eden space 333312K, 0% used [0x00000000d5f00000,0x00000000d5f00000,0x00000000ea480000)
  from space 20992K, 86% used [0x00000000ecd00000,0x00000000edecabe8,0x00000000ee180000)
  to   space 31232K, 0% used [0x00000000ea480000,0x00000000ea480000,0x00000000ec300000)
 ParOldGen       total 116224K, used 39488K [0x0000000081c00000, 0x0000000088d80000, 0x00000000d5f00000)
  object space 116224K, 33% used [0x0000000081c00000,0x0000000084290110,0x0000000088d80000)
 Metaspace       used 47036K, capacity 48196K, committed 48512K, reserved 1091584K
  class space    used 5602K, capacity 5908K, committed 6016K, reserved 1048576K
}

