# JRE version: Java(TM) SE Runtime Environment (8.0_144-b01) (build 1.8.0_144-b01)
# Java VM: Java HotSpot(TM) 64-Bit Server VM (25.144-b01 mixed mode windows-amd64 compressed oops)
Heap:
 PSYoungGen      total 280064K, used 157280K [0x00000000d5f00000, 0x00000000ea380000, 0x0000000100000000)
  eden space 240640K, 51% used [0x00000000d5f00000,0x00000000dd9165c0,0x00000000e4a00000)
  from space 39424K, 81% used [0x00000000e4a00000,0x00000000e6981ba8,0x00000000e7080000)
  to   space 31744K, 0% used [0x00000000e7080000,0x00000000e7080000,0x00000000e8f80000)
 ParOldGen       total 78336K, used 58564K [0x0000000081c00000, 0x0000000086880000, 0x00000000d5f00000)
  object space 78336K, 74% used [0x0000000081c00000,0x0000000085531288,0x0000000086880000)
 Metaspace       used 33175K, capacity 33906K, committed 34176K, reserved 1079296K
  class space    used 3974K, capacity 4201K, committed 4224K, reserved 1048576K
GC Heap History (10 events):
Event: 8.454 GC heap before
{Heap before GC invocations=8 (full 1):
 PSYoungGen      total 143360K, used 132608K [0x00000000d5f00000, 0x00000000df700000, 0x0000000100000000)
  eden space 132608K, 100% used [0x00000000d5f00000,0x00000000de080000,0x00000000de080000)
  from space 10752K, 0% used [0x00000000deb80000,0x00000000deb80000,0x00000000df600000)
  to   space 11264K, 0% used [0x00000000de080000,0x00000000de080000,0x00000000deb80000)
 ParOldGen       total 78336K, used 18482K [0x0000000081c00000, 0x0000000086880000, 0x00000000d5f00000)
  object space 78336K, 23% used [0x0000000081c00000,0x0000000082e0cbb0,0x0000000086880000)
 Metaspace       used 23507K, capacity 24030K, committed 24192K, reserved 1071104K
  class space    used 2737K, capacity 2873K, committed 2944K, reserved 1048576K
Event: 8.478 GC heap after
Heap after GC invocations=8 (full 1):
 PSYoungGen      total 143872K, used 11262K [0x00000000d5f00000, 0x00000000e3680000, 0x0000000100000000)
  eden space 132608K, 0% used [0x00000000d5f00000,0x00000000d5f00000,0x00000000de080000)
  from space 11264K, 99% used [0x00000000de080000,0x00000000deb7fbe8,0x00000000deb80000)
  to   space 17408K, 0% used [0x00000000e2580000,0x00000000e2580000,0x00000000e3680000)
 ParOldGen       total 78336K, used 28087K [0x0000000081c00000, 0x0000000086880000, 0x00000000d5f00000)
  object space 78336K, 35% used [0x0000000081c00000,0x000000008376dca0,0x0000000086880000)
 Metaspace       used 23507K, capacity 24030K, committed 24192K, reserved 1071104K
  class space    used 2737K, capacity 2873K, committed 2944K, reserved 1048576K
}
Event: 9.072 GC heap before
{Heap before GC invocations=9 (full 1):
 PSYoungGen      total 143872K, used 143870K [0x00000000d5f00000, 0x00000000e3680000, 0x0000000100000000)
  eden space 132608K, 100% used [0x00000000d5f00000,0x00000000de080000,0x00000000de080000)
  from space 11264K, 99% used [0x00000000de080000,0x00000000deb7fbe8,0x00000000deb80000)
  to   space 17408K, 0% used [0x00000000e2580000,0x00000000e2580000,0x00000000e3680000)
 ParOldGen       total 78336K, used 28087K [0x0000000081c00000, 0x0000000086880000, 0x00000000d5f00000)
  object space 78336K, 35% used [0x0000000081c00000,0x000000008376dca0,0x0000000086880000)
 Metaspace       used 23520K, capacity 24126K, committed 24448K, reserved 1071104K
  class space    used 2739K, capacity 2905K, committed 2944K, reserved 1048576K
Event: 9.111 GC heap after
Heap after GC invocations=9 (full 1):
 PSYoungGen      total 196608K, used 17378K [0x00000000d5f00000, 0x00000000e5880000, 0x0000000100000000)
  eden space 179200K, 0% used [0x00000000d5f00000,0x00000000d5f00000,0x00000000e0e00000)
  from space 17408K, 99% used [0x00000000e2580000,0x00000000e36789a0,0x00000000e3680000)
  to   space 24064K, 0% used [0x00000000e0e00000,0x00000000e0e00000,0x00000000e2580000)
 ParOldGen       total 78336K, used 37005K [0x0000000081c00000, 0x0000000086880000, 0x00000000d5f00000)
  object space 78336K, 47% used [0x0000000081c00000,0x00000000840237a8,0x0000000086880000)
 Metaspace       used 23520K, capacity 24126K, committed 24448K, reserved 1071104K
  class space    used 2739K, capacity 2905K, committed 2944K, reserved 1048576K
}
Event: 9.949 GC heap before
{Heap before GC invocations=10 (full 1):
 PSYoungGen      total 196608K, used 196578K [0x00000000d5f00000, 0x00000000e5880000, 0x0000000100000000)
  eden space 179200K, 100% used [0x00000000d5f00000,0x00000000e0e00000,0x00000000e0e00000)
  from space 17408K, 99% used [0x00000000e2580000,0x00000000e36789a0,0x00000000e3680000)
  to   space 24064K, 0% used [0x00000000e0e00000,0x00000000e0e00000,0x00000000e2580000)
 ParOldGen       total 78336K, used 37005K [0x0000000081c00000, 0x0000000086880000, 0x00000000d5f00000)
  object space 78336K, 47% used [0x0000000081c00000,0x00000000840237a8,0x0000000086880000)
 Metaspace       used 23525K, capacity 24126K, committed 24448K, reserved 1071104K
  class space    used 2739K, capacity 2905K, committed 2944K, reserved 1048576K
Event: 10.006 GC heap after
Heap after GC invocations=10 (full 1):
 PSYoungGen      total 203264K, used 24041K [0x00000000d5f00000, 0x00000000e8f80000, 0x0000000100000000)
  eden space 179200K, 0% used [0x00000000d5f00000,0x00000000d5f00000,0x00000000e0e00000)
  from space 24064K, 99% used [0x00000000e0e00000,0x00000000e257a760,0x00000000e2580000)
  to   space 31744K, 0% used [0x00000000e7080000,0x00000000e7080000,0x00000000e8f80000)
 ParOldGen       total 78336K, used 47722K [0x0000000081c00000, 0x0000000086880000, 0x00000000d5f00000)
  object space 78336K, 60% used [0x0000000081c00000,0x0000000084a9a980,0x0000000086880000)
 Metaspace       used 23525K, capacity 24126K, committed 24448K, reserved 1071104K
  class space    used 2739K, capacity 2905K, committed 2944K, reserved 1048576K
}
Event: 10.772 GC heap before
{Heap before GC invocations=11 (full 1):
 PSYoungGen      total 203264K, used 203241K [0x00000000d5f00000, 0x00000000e8f80000, 0x0000000100000000)
  eden space 179200K, 100% used [0x00000000d5f00000,0x00000000e0e00000,0x00000000e0e00000)
  from space 24064K, 99% used [0x00000000e0e00000,0x00000000e257a760,0x00000000e2580000)
  to   space 31744K, 0% used [0x00000000e7080000,0x00000000e7080000,0x00000000e8f80000)
 ParOldGen       total 78336K, used 47722K [0x0000000081c00000, 0x0000000086880000, 0x00000000d5f00000)
  object space 78336K, 60% used [0x0000000081c00000,0x0000000084a9a980,0x0000000086880000)
 Metaspace       used 23527K, capacity 24126K, committed 24448K, reserved 1071104K
  class space    used 2739K, capacity 2905K, committed 2944K, reserved 1048576K
Event: 10.829 GC heap after
Heap after GC invocations=11 (full 1):
 PSYoungGen      total 272384K, used 31736K [0x00000000d5f00000, 0x00000000ea380000, 0x0000000100000000)
  eden space 240640K, 0% used [0x00000000d5f00000,0x00000000d5f00000,0x00000000e4a00000)
  from space 31744K, 99% used [0x00000000e7080000,0x00000000e8f7e090,0x00000000e8f80000)
  to   space 39424K, 0% used [0x00000000e4a00000,0x00000000e4a00000,0x00000000e7080000)
 ParOldGen       total 78336K, used 54875K [0x0000000081c00000, 0x0000000086880000, 0x00000000d5f00000)
  object space 78336K, 70% used [0x0000000081c00000,0x0000000085196e50,0x0000000086880000)
 Metaspace       used 23527K, capacity 24126K, committed 24448K, reserved 1071104K
  class space    used 2739K, capacity 2905K, committed 2944K, reserved 1048576K
}
Event: 11.955 GC heap before
{Heap before GC invocations=12 (full 1):
 PSYoungGen      total 272384K, used 272376K [0x00000000d5f00000, 0x00000000ea380000, 0x0000000100000000)
  eden space 240640K, 100% used [0x00000000d5f00000,0x00000000e4a00000,0x00000000e4a00000)
  from space 31744K, 99% used [0x00000000e7080000,0x00000000e8f7e090,0x00000000e8f80000)
  to   space 39424K, 0% used [0x00000000e4a00000,0x00000000e4a00000,0x00000000e7080000)
 ParOldGen       total 78336K, used 54875K [0x0000000081c00000, 0x0000000086880000, 0x00000000d5f00000)
  object space 78336K, 70% used [0x0000000081c00000,0x0000000085196e50,0x0000000086880000)
 Metaspace       used 23567K, capacity 24194K, committed 24448K, reserved 1071104K
  class space    used 2740K, capacity 2905K, committed 2944K, reserved 1048576K
Event: 12.004 GC heap after
Heap after GC invocations=12 (full 1):
 PSYoungGen      total 280064K, used 32262K [0x00000000d5f00000, 0x00000000ea380000, 0x0000000100000000)
  eden space 240640K, 0% used [0x00000000d5f00000,0x00000000d5f00000,0x00000000e4a00000)
  from space 39424K, 81% used [0x00000000e4a00000,0x00000000e6981ba8,0x00000000e7080000)
  to   space 31744K, 0% used [0x00000000e7080000,0x00000000e7080000,0x00000000e8f80000)
 ParOldGen       total 78336K, used 58564K [0x0000000081c00000, 0x0000000086880000, 0x00000000d5f00000)
  object space 78336K, 74% used [0x0000000081c00000,0x0000000085531288,0x0000000086880000)
 Metaspace       used 23567K, capacity 24194K, committed 24448K, reserved 1071104K
  class space    used 2740K, capacity 2905K, committed 2944K, reserved 1048576K
}

